<?xml version="1.0" encoding="UTF-8" ?>
<testsuite tests="4" failures="0" name="TestSuite" time="1.383" errors="0" skipped="0">
  <properties>
    <property name="DISPLAY" value="needs-to-be-defined"/>
    <property name="PROCESSOR_ARCHITECTURE" value="AMD64"/>
    <property name="file.encoding.pkg" value="sun.io"/>
    <property name="MINGW_CHOST" value="x86_64-w64-mingw32"/>
    <property name="LOGONSERVER" value="\\LAPTOP-4QMGP1HR"/>
    <property name="ProgramData" value="C:\ProgramData"/>
    <property name="java.home" value="C:\Program Files\Java\jdk1.8.0_241\jre"/>
    <property name="ACLOCAL_PATH" value="C:\Program Files\Git\mingw64\share\aclocal;C:\Program Files\Git\usr\share\aclocal"/>
    <property name="MSYSTEM" value="MINGW64"/>
    <property name="NODE_NAME" value="master"/>
    <property name="PWD" value="C:/DevOpsTraining/software"/>
    <property name="JENKINS_URL" value="http://localhost:8080/"/>
    <property name="ALLUSERSPROFILE" value="C:\ProgramData"/>
    <property name="java.endorsed.dirs" value="C:\Program Files\Java\jdk1.8.0_241\jre\lib\endorsed"/>
    <property name="PSModulePath" value="C:\Program Files\WindowsPowerShell\Modules;C:\WINDOWS\system32\WindowsPowerShell\v1.0\Modules"/>
    <property name="=::" value="::\"/>
    <property name="USERDOMAIN" value="LAPTOP-4QMGP1HR"/>
    <property name="ORIGINAL_PATH" value="C:\Program Files\Git\mingw64\bin;C:\Program Files\Git\usr\bin;C:\Users\RAJANVIR\bin;C:\Program Files (x86)\Common Files\Oracle\Java\javapath;C:\Program Files (x86)\Intel\iCLS Client;C:\Program Files\Intel\iCLS Client;C:\Windows\system32;C:\Windows;C:\Windows\System32\Wbem;C:\Windows\System32\WindowsPowerShell\v1.0;C:\Program Files (x86)\Intel\Intel(R) Management Engine Components\DAL;C:\Program Files\Intel\Intel(R) Management Engine Components\DAL;C:\Program Files (x86)\Intel\Intel(R) Management Engine Components\IPT;C:\Program Files\Intel\Intel(R) Management Engine Components\IPT;C:\Program Files (x86)\NVIDIA Corporation\PhysX\Common;C:\WINDOWS\system32;C:\WINDOWS;C:\WINDOWS\System32\Wbem;C:\WINDOWS\System32\WindowsPowerShell\v1.0;C:\WINDOWS\System32\OpenSSH;C:\Program Files\Java\jdk-13.0.1\bin;C:\Program Files (x86)\Micro Focus\Unified Functional Testing\bin;C:\geckodriver.exe;C:\Program Files\Git\cmd;%JAVA_HOME%\bin;%MAVEN_HOME%\bin;C:\Users\RAJANVIR\AppData\Local\Microsoft\WindowsApps"/>
    <property name="sun.os.patch.level" value=""/>
    <property name="java.vendor.url" value="http://java.oracle.com/"/>
    <property name="PKG_CONFIG_PATH" value="C:\Program Files\Git\mingw64\lib\pkgconfig;C:\Program Files\Git\mingw64\share\pkgconfig"/>
    <property name="CommonProgramFiles(x86)" value="C:\Program Files (x86)\Common Files"/>
    <property name="java.version" value="1.8.0_241"/>
    <property name="JOB_NAME" value="TravelMedicareJob"/>
    <property name="COMPUTERNAME" value="LAPTOP-4QMGP1HR"/>
    <property name="SYSTEMDRIVE" value="C:"/>
    <property name="MSJAVA_ENABLE_MONITORS" value="1"/>
    <property name="java.vendor.url.bug" value="http://bugreport.sun.com/bugreport/"/>
    <property name="PUBLIC" value="C:\Users\Public"/>
    <property name="CONFIG_SITE" value="C:/Program Files/Git/mingw64/etc/config.site"/>
    <property name="user.name" value="RAJANVIR"/>
    <property name="sun.io.unicode.encoding" value="UnicodeLittle"/>
    <property name="sun.jnu.encoding" value="Cp1252"/>
    <property name="java.runtime.name" value="Java(TM) SE Runtime Environment"/>
    <property name="PROCESSOR_IDENTIFIER" value="Intel64 Family 6 Model 142 Stepping 10, GenuineIntel"/>
    <property name="java.specification.name" value="Java Platform API Specification"/>
    <property name="LOCALAPPDATA" value="C:\Users\RAJANVIR\AppData\Local"/>
    <property name="RUN_CHANGES_DISPLAY_URL" value="http://localhost:8080/job/TravelMedicareJob/2/display/redirect?page=changes"/>
    <property name="MSYSTEM_CARCH" value="x86_64"/>
    <property name="user.timezone" value="America/New_York"/>
    <property name="INFOPATH" value="C:\Program Files\Git\usr\local\info;C:\Program Files\Git\usr\share\info;C:\Program Files\Git\usr\info;C:\Program Files\Git\share\info"/>
    <property name="user.script" value=""/>
    <property name="path.separator" value=";"/>
    <property name="NUMBER_OF_PROCESSORS" value="8"/>
    <property name="BUILD_TAG" value="jenkins-TravelMedicareJob-2"/>
    <property name="TERM" value="xterm"/>
    <property name="file.encoding" value="Cp1252"/>
    <property name="PATH" value="C:\Program Files\Java\jdk1.8.0_241/bin;C:\Users\RAJANVIR\bin;C:\Program Files\Git\mingw64\bin;C:\Program Files\Git\usr\local\bin;C:\Program Files\Git\usr\bin;C:\Program Files\Git\usr\bin;C:\Program Files\Git\mingw64\bin;C:\Program Files\Git\usr\bin;C:\Users\RAJANVIR\bin;C:\Program Files (x86)\Common Files\Oracle\Java\javapath;C:\Program Files (x86)\Intel\iCLS Client;C:\Program Files\Intel\iCLS Client;C:\Windows\system32;C:\Windows;C:\Windows\System32\Wbem;C:\Windows\System32\WindowsPowerShell\v1.0;C:\Program Files (x86)\Intel\Intel(R) Management Engine Components\DAL;C:\Program Files\Intel\Intel(R) Management Engine Components\DAL;C:\Program Files (x86)\Intel\Intel(R) Management Engine Components\IPT;C:\Program Files\Intel\Intel(R) Management Engine Components\IPT;C:\Program Files (x86)\NVIDIA Corporation\PhysX\Common;C:\WINDOWS\system32;C:\WINDOWS;C:\WINDOWS\System32\Wbem;C:\WINDOWS\System32\WindowsPowerShell\v1.0;C:\WINDOWS\System32\OpenSSH;C:\Program Files\Java\jdk-13.0.1\bin;C:\Program Files (x86)\Micro Focus\Unified Functional Testing\bin;C:\geckodriver.exe;C:\Program Files\Git\cmd;%JAVA_HOME%\bin;%MAVEN_HOME%\bin;C:\Users\RAJANVIR\AppData\Local\Microsoft\WindowsApps;C:\Program Files\Git\usr\bin\vendor_perl;C:\Program Files\Git\usr\bin\core_perl"/>
    <property name="sun.java.command" value="jenkins.maven3.agent.Maven35Main C:\DevOpsTraining\software\apache-maven-3.6.1-bin\apache-maven-3.6.1 C:\Users\RAJANVIR\.jenkins\war\WEB-INF\lib\remoting-3.36.1.jar C:\Users\RAJANVIR\.jenkins\plugins\maven-plugin\WEB-INF\lib\maven35-interceptor-1.12.jar C:\Users\RAJANVIR\.jenkins\plugins\maven-plugin\WEB-INF\lib\maven3-interceptor-commons-1.12.jar 59006"/>
    <property name="HUDSON_URL" value="http://localhost:8080/"/>
    <property name="JENKINS_SERVER_COOKIE" value="d1c53da580a69a44"/>
    <property name="EXECUTOR_NUMBER" value="2"/>
    <property name="PLINK_PROTOCOL" value="ssh"/>
    <property name="MANPATH" value="C:\Program Files\Git\mingw64\local\man;C:\Program Files\Git\mingw64\share\man;C:\Program Files\Git\usr\local\man;C:\Program Files\Git\usr\share\man;C:\Program Files\Git\usr\man;C:\Program Files\Git\share\man"/>
    <property name="java.io.tmpdir" value="C:\Users\RAJANVIR\AppData\Local\Temp\"/>
    <property name="APPDATA" value="C:\Users\RAJANVIR\AppData\Roaming"/>
    <property name="user.language" value="en"/>
    <property name="SYSTEMROOT" value="C:\WINDOWS"/>
    <property name="line.separator" value="
"/>
    <property name="BUILD_URL" value="http://localhost:8080/job/TravelMedicareJob/2/"/>
    <property name="IBM_JAVA_OPTIONS" value="-Xbootclasspath/a:&quot;C:\Program Files (x86)\Micro Focus\Unified Functional Testing\bin\java_shared\classes\jasmine.jar&quot;"/>
    <property name="SHLVL" value="1"/>
    <property name="M2_HOME" value="C:\DevOpsTraining\software\apache-maven-3.6.1-bin\apache-maven-3.6.1"/>
    <property name="COMMONPROGRAMFILES" value="C:\Program Files\Common Files"/>
    <property name="java.vm.info" value="mixed mode"/>
    <property name="DriverData" value="C:\Windows\System32\Drivers\DriverData"/>
    <property name="sun.desktop" value="windows"/>
    <property name="java.vm.specification.name" value="Java Virtual Machine Specification"/>
    <property name="BUILD_DISPLAY_NAME" value="#2"/>
    <property name="OS" value="Windows_NT"/>
    <property name="guice.disable.misplaced.annotation.check" value="true"/>
    <property name="HUDSON_SERVER_COOKIE" value="d1c53da580a69a44"/>
    <property name="PS1" value="\[\033]0;$TITLEPREFIX:C:/DevOpsTraining/software\007\]\n\[\033[32m\]\u@\h \[\033[35m\]MINGW64 \[\033[33m\]\w\[\033[36m\]`__git_ps1`\[\033[0m\]\n$ "/>
    <property name="MAVEN_HOME" value="C:\DevOpsTraining\software\apache-maven-3.6.1-bin\apache-maven-3.6.1"/>
    <property name="SESSIONNAME" value="Console"/>
    <property name="PATHEXT" value=".COM;.EXE;.BAT;.CMD;.VBS;.VBE;.JS;.JSE;.WSF;.WSH;.MSC"/>
    <property name="java.awt.printerjob" value="sun.awt.windows.WPrinterJob"/>
    <property name="maven3.interceptor.common" value="C:\Users\RAJANVIR\.jenkins\plugins\maven-plugin\WEB-INF\lib\maven3-interceptor-commons-1.12.jar"/>
    <property name="CLASSPATH" value=""/>
    <property name="ST_INSTALL_PATH" value="C:\Program Files (x86)\Micro Focus\Unified Functional Testing\"/>
    <property name="ORIGINAL_TEMP" value="C:/Users/RAJANVIR/AppData/Local/Temp"/>
    <property name="HOMEPATH" value="\Users\RAJANVIR"/>
    <property name="TMPDIR" value="C:\Users\RAJANVIR\AppData\Local\Temp"/>
    <property name="os.name" value="Windows 10"/>
    <property name="java.specification.vendor" value="Oracle Corporation"/>
    <property name="java.vm.name" value="Java HotSpot(TM) 64-Bit Server VM"/>
    <property name="BUILD_NUMBER" value="2"/>
    <property name="maven3.interceptor" value="C:\Users\RAJANVIR\.jenkins\plugins\maven-plugin\WEB-INF\lib\maven35-interceptor-1.12.jar"/>
    <property name="java.library.path" value="C:\Program Files\Java\jdk1.8.0_241\bin;C:\WINDOWS\Sun\Java\bin;C:\WINDOWS\system32;C:\WINDOWS;C:\DevOpsTraining\software\apache-maven-3.6.1-bin\apache-maven-3.6.1/bin;C:\Program Files\Java\jdk1.8.0_241/bin;C:\Program Files\Java\jdk1.8.0_241/bin;C:\Users\RAJANVIR\bin;C:\Program Files\Git\mingw64\bin;C:\Program Files\Git\usr\local\bin;C:\Program Files\Git\usr\bin;C:\Program Files\Git\usr\bin;C:\Program Files\Git\mingw64\bin;C:\Program Files\Git\usr\bin;C:\Users\RAJANVIR\bin;C:\Program Files (x86)\Common Files\Oracle\Java\javapath;C:\Program Files (x86)\Intel\iCLS Client;C:\Program Files\Intel\iCLS Client;C:\Windows\system32;C:\Windows;C:\Windows\System32\Wbem;C:\Windows\System32\WindowsPowerShell\v1.0;C:\Program Files (x86)\Intel\Intel(R) Management Engine Components\DAL;C:\Program Files\Intel\Intel(R) Management Engine Components\DAL;C:\Program Files (x86)\Intel\Intel(R) Management Engine Components\IPT;C:\Program Files\Intel\Intel(R) Management Engine Components\IPT;C:\Program Files (x86)\NVIDIA Corporation\PhysX\Common;C:\WINDOWS\system32;C:\WINDOWS;C:\WINDOWS\System32\Wbem;C:\WINDOWS\System32\WindowsPowerShell\v1.0;C:\WINDOWS\System32\OpenSSH;C:\Program Files\Java\jdk-13.0.1\bin;C:\Program Files (x86)\Micro Focus\Unified Functional Testing\bin;C:\geckodriver.exe;C:\Program Files\Git\cmd;%JAVA_HOME%\bin;%MAVEN_HOME%\bin;C:\Users\RAJANVIR\AppData\Local\Microsoft\WindowsApps;C:\Program Files\Git\usr\bin\vendor_perl;C:\Program Files\Git\usr\bin\core_perl;."/>
    <property name="HOMEDRIVE" value="C:"/>
    <property name="POM_GROUPID" value="TravelMedicareAutomation"/>
    <property name="POM_ARTIFACTID" value="TravelMedicare"/>
    <property name="java.class.version" value="52.0"/>
    <property name="JOB_URL" value="http://localhost:8080/job/TravelMedicareJob/"/>
    <property name="OneDrive" value="C:\Users\RAJANVIR\OneDrive"/>
    <property name="MINGW_PACKAGE_PREFIX" value="mingw-w64-x86_64"/>
    <property name="RUN_DISPLAY_URL" value="http://localhost:8080/job/TravelMedicareJob/2/display/redirect"/>
    <property name="JENKINS_HOME" value="C:\Users\RAJANVIR\.jenkins"/>
    <property name="BUILD_ID" value="2"/>
    <property name="TEMP" value="C:\Users\RAJANVIR\AppData\Local\Temp"/>
    <property name="sun.boot.library.path" value="C:\Program Files\Java\jdk1.8.0_241\jre\bin"/>
    <property name="MSYSTEM_PREFIX" value="C:/Program Files/Git/mingw64"/>
    <property name="sun.management.compiler" value="HotSpot 64-Bit Tiered Compilers"/>
    <property name="java.awt.graphicsenv" value="sun.awt.Win32GraphicsEnvironment"/>
    <property name="user.variant" value=""/>
    <property name="PROCESSOR_REVISION" value="8e0a"/>
    <property name="POM_VERSION" value="0.0.1-SNAPSHOT"/>
    <property name="HUDSON_HOME" value="C:\Users\RAJANVIR\.jenkins"/>
    <property name="COMSPEC" value="C:\WINDOWS\system32\cmd.exe"/>
    <property name="ProgramFiles(x86)" value="C:\Program Files (x86)"/>
    <property name="PATH+MAVEN" value="C:\DevOpsTraining\software\apache-maven-3.6.1-bin\apache-maven-3.6.1/bin"/>
    <property name="USERDOMAIN_ROAMINGPROFILE" value="LAPTOP-4QMGP1HR"/>
    <property name="java.vm.specification.version" value="1.8"/>
    <property name="JAVA_HOME" value="C:\Program Files\Java\jdk1.8.0_241"/>
    <property name="SHELL" value="C:\Program Files\Git\usr\bin\bash.exe"/>
    <property name="awt.toolkit" value="sun.awt.windows.WToolkit"/>
    <property name="NODE_LABELS" value="master"/>
    <property name="PROGRAMFILES" value="C:\Program Files"/>
    <property name="sun.cpu.isalist" value="amd64"/>
    <property name="USERPROFILE" value="C:\Users\RAJANVIR"/>
    <property name="JOB_DISPLAY_URL" value="http://localhost:8080/job/TravelMedicareJob/display/redirect"/>
    <property name="java.ext.dirs" value="C:\Program Files\Java\jdk1.8.0_241\jre\lib\ext;C:\WINDOWS\Sun\Java\lib\ext"/>
    <property name="os.version" value="10.0"/>
    <property name="user.home" value="C:\Users\RAJANVIR"/>
    <property name="USERNAME" value="RAJANVIR"/>
    <property name="_" value="C:/Program Files (x86)/Common Files/Oracle/Java/javapath_target_521804062/java"/>
    <property name="java.vm.vendor" value="Oracle Corporation"/>
    <property name="PROCESSOR_LEVEL" value="6"/>
    <property name="CommonProgramW6432" value="C:\Program Files\Common Files"/>
    <property name="user.dir" value="C:\Users\RAJANVIR\eclipse-workspace\TravelMedicare"/>
    <property name="maven.conf" value="C:\DevOpsTraining\software\apache-maven-3.6.1-bin\apache-maven-3.6.1\conf"/>
    <property name="SSH_ASKPASS" value="C:/Program Files/Git/mingw64/libexec/git-core/git-gui--askpass"/>
    <property name="ProgramW6432" value="C:\Program Files"/>
    <property name="TMP" value="C:\Users\RAJANVIR\AppData\Local\Temp"/>
    <property name="MINGW_PREFIX" value="C:/Program Files/Git/mingw64"/>
    <property name="_JAVA_OPTIONS" value="-Xrunjvmhook -Xbootclasspath/a:&quot;C:\Program Files (x86)\Micro Focus\Unified Functional Testing\bin\java_shared\classes\jasmine.jar&quot;"/>
    <property name="sun.cpu.endian" value="little"/>
    <property name="java.vm.version" value="25.241-b07"/>
    <property name="java.class.path" value="C:\Users\RAJANVIR\.jenkins\plugins\maven-plugin\WEB-INF\lib\maven35-agent-1.12.jar;C:\DevOpsTraining\software\apache-maven-3.6.1-bin\apache-maven-3.6.1\boot\plexus-classworlds-2.6.0.jar;C:\DevOpsTraining\software\apache-maven-3.6.1-bin\apache-maven-3.6.1/conf/logging"/>
    <property name="org.slf4j.simpleLogger.defaultLogLevel" value="info"/>
    <property name="JAVA_TOOL_OPTIONS" value="-agentlib:jvmhook"/>
    <property name="os.arch" value="amd64"/>
    <property name="WORKSPACE" value="C:\Users\RAJANVIR\.jenkins\workspace\TravelMedicareJob"/>
    <property name="sun.java.launcher" value="SUN_STANDARD"/>
    <property name="FPS_BROWSER_APP_PROFILE_STRING" value="Internet Explorer"/>
    <property name="LANG" value="en_US.UTF-8"/>
    <property name="FPS_BROWSER_USER_PROFILE_STRING" value="Default"/>
    <property name="java.vm.specification.vendor" value="Oracle Corporation"/>
    <property name="file.separator" value="\"/>
    <property name="java.runtime.version" value="1.8.0_241-b07"/>
    <property name="sun.boot.class.path" value="C:\Program Files\Java\jdk1.8.0_241\jre\lib\resources.jar;C:\Program Files\Java\jdk1.8.0_241\jre\lib\rt.jar;C:\Program Files\Java\jdk1.8.0_241\jre\lib\sunrsasign.jar;C:\Program Files\Java\jdk1.8.0_241\jre\lib\jsse.jar;C:\Program Files\Java\jdk1.8.0_241\jre\lib\jce.jar;C:\Program Files\Java\jdk1.8.0_241\jre\lib\charsets.jar;C:\Program Files\Java\jdk1.8.0_241\jre\lib\jfr.jar;C:\Program Files\Java\jdk1.8.0_241\jre\classes;C:\Program Files (x86)\Micro Focus\Unified Functional Testing\bin\java_shared\classes\jasmine.jar"/>
    <property name="PATH+JDK" value="C:\Program Files\Java\jdk1.8.0_241/bin"/>
    <property name="user.country" value="CA"/>
    <property name="MSYSTEM_CHOST" value="x86_64-w64-mingw32"/>
    <property name="POM_PACKAGING" value="jar"/>
    <property name="maven.home" value="C:\DevOpsTraining\software\apache-maven-3.6.1-bin\apache-maven-3.6.1"/>
    <property name="EXEPATH" value="C:\Program Files\Git"/>
    <property name="ORIGINAL_TMP" value="C:/Users/RAJANVIR/AppData/Local/Temp"/>
    <property name="JOB_BASE_NAME" value="TravelMedicareJob"/>
    <property name="HOSTNAME" value="LAPTOP-4QMGP1HR"/>
    <property name="HOME" value="C:\Users\RAJANVIR"/>
    <property name="java.vendor" value="Oracle Corporation"/>
    <property name="WINDIR" value="C:\WINDOWS"/>
    <property name="POM_DISPLAYNAME" value="TravelMedicare"/>
    <property name="java.specification.version" value="1.8"/>
    <property name="sun.arch.data.model" value="64"/>
  </properties>
  <testcase classname="tm.qa.testcases.HomePageTest" name="clickOnTmLogoTest" time="0.314"/>
  <testcase classname="tm.qa.testcases.HomePageTest" name="clickOnHomeLinkTest" time="0.297"/>
  <testcase classname="tm.qa.testcases.HomePageTest" name="clickOnMyTMlinkTest" time="0.407"/>
  <testcase classname="tm.qa.testcases.HomePageTest" name="clickOnBecomeAnAgentLinkTest" time="0.365"/>
</testsuite>