<?xml version="1.0" encoding="UTF-8"?>
<!-- Generated by org.testng.reporters.JUnitReportReporter -->
<testsuite hostname="LAPTOP-4QMGP1HR" failures="0" tests="4" name="tm.qa.testcases.HomePageTest" time="21.742" errors="0" timestamp="2020-03-04T13:34:35 EST" skipped="0">
  <testcase classname="tm.qa.testcases.HomePageTest" name="clickOnTmLogoTest" time="5.072"/>
  <system-out/>
  <testcase classname="tm.qa.testcases.HomePageTest" name="clickOnHomeLinkTest" time="5.183"/>
  <system-out/>
  <testcase classname="tm.qa.testcases.HomePageTest" name="clickOnMyTMlinkTest" time="5.334"/>
  <system-out/>
  <testcase classname="tm.qa.testcases.HomePageTest" name="clickOnBecomeAnAgentLinkTest" time="6.153"/>
  <system-out/>
</testsuite> <!-- tm.qa.testcases.HomePageTest -->
