<?xml version="1.0" encoding="UTF-8"?>
<!-- Generated by org.testng.reporters.JUnitReportReporter -->
<testsuite hostname="LAPTOP-4QMGP1HR" failures="0" tests="4" name="tm.qa.testcases.HomePageTest" time="20.342" errors="0" timestamp="2020-02-29T13:18:46 EST" skipped="0">
  <testcase classname="tm.qa.testcases.HomePageTest" name="clickOnTmLogoTest" time="4.343"/>
  <system-out/>
  <testcase classname="tm.qa.testcases.HomePageTest" name="clickOnHomeLinkTest" time="4.171"/>
  <system-out/>
  <testcase classname="tm.qa.testcases.HomePageTest" name="clickOnMyTMlinkTest" time="7.546"/>
  <system-out/>
  <testcase classname="tm.qa.testcases.HomePageTest" name="clickOnBecomeAnAgentLinkTest" time="4.282"/>
  <system-out/>
</testsuite> <!-- tm.qa.testcases.HomePageTest -->
