<?xml version="1.0" encoding="UTF-8"?>
<!-- Generated by org.testng.reporters.JUnitReportReporter -->
<testsuite skipped="0" hostname="LAPTOP-4QMGP1HR" name="tm.qa.testcases.HomePageTest" tests="4" failures="0" timestamp="2020-03-03T15:10:05 EST" time="19.206" errors="0">
  <testcase name="clickOnTmLogoTest" time="4.343" classname="tm.qa.testcases.HomePageTest"/>
  <system-out/>
  <testcase name="clickOnHomeLinkTest" time="4.198" classname="tm.qa.testcases.HomePageTest"/>
  <system-out/>
  <testcase name="clickOnMyTMlinkTest" time="6.450" classname="tm.qa.testcases.HomePageTest"/>
  <system-out/>
  <testcase name="clickOnBecomeAnAgentLinkTest" time="4.215" classname="tm.qa.testcases.HomePageTest"/>
  <system-out/>
</testsuite> <!-- tm.qa.testcases.HomePageTest -->
